<?xml version="1.0" encoding="UTF-8"?>
<!-- Generated by org.testng.reporters.JUnitReportReporter -->
<testsuite hostname="CGI-D33403" name="com.demoPOC.TestRunners.RunCukesTestTestNGFeaturefile" tests="1" failures="0" timestamp="13 Mar 2017 16:28:44 GMT" time="19.402" errors="0">
  <testcase name="feature" time="19.402" classname="com.demoPOC.TestRunners.RunCukesTestTestNGFeaturefile"/>
</testsuite> <!-- com.demoPOC.TestRunners.RunCukesTestTestNGFeaturefile -->
