<?xml version="1.0" encoding="UTF-8"?>
<!-- Generated by org.testng.reporters.JUnitReportReporter -->
<testsuite hostname="CGI-D33403" name="com.demoPOC.TestRunners.RunCukesTestTestNGDataProvider" tests="3" failures="0" timestamp="27 Mar 2017 17:03:32 GMT" time="42.318" errors="0">
  <testcase name="feature" time="12.437" classname="com.demoPOC.TestRunners.RunCukesTestTestNGDataProvider"/>
  <testcase name="feature" time="19.969" classname="com.demoPOC.TestRunners.RunCukesTestTestNGDataProvider"/>
  <testcase name="feature" time="9.912" classname="com.demoPOC.TestRunners.RunCukesTestTestNGDataProvider"/>
</testsuite> <!-- com.demoPOC.TestRunners.RunCukesTestTestNGDataProvider -->
